autoscan: warning: missing AC_CHECK_FUNCS([fdatasync]) wanted by: 
	lsm-test/lsmtest_io.c:146
	lsm-test/lsmtest_main.c:1250
	lsm-test/lsmtest_main.c:1256
	lsm-test/lsmtest_main.c:1266
	lsm-test/lsmtest_main.c:1273
	src/lsm_unix.c:181
	src/bt_unix.c:192
autoscan: warning: missing AC_CHECK_FUNCS([ftruncate]) wanted by: 
	lsm-test/lsmtest6.c:275
	src/lsm_unix.c:138
	src/lsm_unix.c:223
	src/lsm_unix.c:395
	src/bt_unix.c:149
	src/bt_unix.c:339
	src/bt_unix.c:359
autoscan: warning: missing AC_CHECK_FUNCS([getcwd]) wanted by: 
	src/lsm_unix.c:251
	src/bt_unix.c:220
autoscan: warning: missing AC_CHECK_FUNCS([gettimeofday]) wanted by: 
	lsm-test/lsmtest_util.c:211
	lsm-test/lsmtest_util.c:216
	lsm-test/lsmtest_tdb3.c:235
	lsm-test/lsmtest_tdb3.c:238
	lsm-test/lsmtest_tdb3.c:281
	lsm-test/lsmtest_tdb3.c:283
	src/os.c:39
autoscan: warning: missing AC_CHECK_FUNCS([localtime_r]) wanted by: 
	src/date.c:467
autoscan: warning: missing AC_CHECK_FUNCS([memmove]) wanted by: 
	src/util.c:589
	src/lsm_file.c:2724
	src/bt_main.c:3683
	src/bt_main.c:3768
	src/analyze.c:312
	src/lsm_shared.c:131
	src/lsm_sorted.c:3481
	src/lsm_sorted.c:4797
	src/lsm_sorted.c:5860
	src/lsm_sorted.c:5944
	src/utf.c:350
	ext/fts2/fts2.c:4834
	ext/rtree/rtree.c:574
	ext/fts1/fulltext.c:311
	ext/fts1/fulltext.c:324
	ext/fts1/fts1.c:606
	ext/fts1/fts1.c:614
autoscan: warning: missing AC_CHECK_FUNCS([memset]) wanted by: 
	test/test_kv.c:54
	test/test_mutex.c:227
	test/test_mem.c:97
	test/test_mem.c:111
	test/test_mem.c:120
	test/test_mem.c:133
	test/test_mem.c:184
	test/test_mem.c:185
	test/test_mem.c:322
	test/test_mem.c:482
	test/test_wsd.c:45
	test/test_main.c:729
	test/test_main.c:781
	test/test_main.c:1767
	test/test_malloc.c:222
	test/test_malloc.c:721
	test/test_malloc.c:730
	test/test_func.c:185
	test/test_auth.c:138
	test/test_hexio.c:220
	test/test_bt.c:198
	test/test_bt.c:252
	test/test_bt.c:265
	test/test_bt.c:610
	test/test_kv2.c:98
	test/test_kv2.c:300
	lsm-test/lsmtest2.c:78
	lsm-test/lsmtest2.c:89
	lsm-test/lsmtest_tdb.c:207
	lsm-test/lsmtest_tdb.c:662
	lsm-test/lsmtest3.c:48
	lsm-test/lsmtest3.c:87
	lsm-test/lsmtest_io.c:212
	lsm-test/lsmtest_io.c:226
	lsm-test/sqltest.c:640
	lsm-test/sqltest.c:657
	lsm-test/sqltest.c:805
	lsm-test/lsmtest_mem.c:114
	lsm-test/lsmtest_mem.c:140
	lsm-test/lsmtest_mem.c:149
	lsm-test/lsmtest_mem.c:162
	lsm-test/lsmtest_mem.c:208
	lsm-test/lsmtest_mem.c:209
	lsm-test/lsmtest_mem.c:346
	lsm-test/lsmtest_tdb2.cc:28
	lsm-test/lsmtest_tdb2.cc:235
	lsm-test/lsmtest_tdb4.c:839
	lsm-test/lsmtest6.c:14
	lsm-test/lsmtest_main.c:287
	lsm-test/lsmtest_main.c:288
	lsm-test/lsmtest_main.c:401
	lsm-test/lsmtest_main.c:418
	lsm-test/lsmtest_main.c:432
	lsm-test/lsmtest_main.c:1231
	lsm-test/lsmtest_main.c:1251
	lsm-test/lsmtest_main.c:1268
	lsm-test/lsmtest_main.c:1382
	lsm-test/lsmtest_main.c:1423
	lsm-test/lsmtest_main.c:1459
	lsm-test/lsmtest_tdb3.c:212
	lsm-test/lsmtest_tdb3.c:506
	lsm-test/lsmtest_tdb3.c:922
	lsm-test/lsmtest_tdb3.c:1303
	tool/lemon.c:487
	tool/lemon.c:1426
	tool/lemon.c:2144
	tool/lemon.c:2502
	tool/lsmheader.c:56
	src/math.c:287
	src/math.c:342
	src/pragma.c:880
	src/lsm_mem.c:51
	src/vdbeaux.c:357
	src/vdbeaux.c:664
	src/vdbeaux.c:1442
	src/vdbeaux.c:1485
	src/vdbeaux.c:1855
	src/vdbeapi.c:562
	src/vdbeapi.c:610
	src/trigger.c:846
	src/vdbecodec.c:701
	src/vdbecodec.c:811
	src/mem2.c:287
	src/env.c:387
	src/where.c:2636
	src/where.c:4834
	src/where.c:5001
	src/where.c:5369
	src/where.c:5764
	src/hash.c:151
	src/expr.c:598
	src/expr.c:783
	src/expr.c:1008
	src/expr.c:1711
	src/lsm_log.c:379
	src/lsm_log.c:627
	src/lsm_log.c:639
	src/select.c:70
	src/select.c:1366
	src/select.c:3007
	src/select.c:3711
	src/select.c:4051
	src/insert.c:543
	src/insert.c:731
	src/vdbetrace.c:131
	src/vdbetrace.c:175
	src/kvbt.c:132
	src/kvlsm.c:183
	src/kvlsm.c:563
	src/malloc.c:180
	src/malloc.c:192
	src/shell.c:1596
	src/shell.c:2573
	src/lsm_file.c:658
	src/lsm_file.c:726
	src/lsm_file.c:1104
	src/lsm_file.c:1589
	src/lsm_file.c:1791
	src/lsm_file.c:2283
	src/lsm_file.c:2811
	src/vdbemem.c:212
	src/date.c:496
	src/date.c:671
	src/date.c:718
	src/date.c:809
	src/kv.c:461
	src/lsm_main.c:399
	src/lsm_main.c:894
	src/bt_main.c:316
	src/bt_main.c:338
	src/bt_main.c:1369
	src/bt_main.c:1470
	src/bt_main.c:1854
	src/bt_main.c:2499
	src/bt_main.c:2720
	src/bt_main.c:2748
	src/bt_main.c:2938
	src/bt_main.c:3312
	src/bt_main.c:3320
	src/bt_main.c:3418
	src/bt_main.c:4205
	src/bt_main.c:4206
	src/bt_main.c:4222
	src/bt_main.c:4433
	src/bt_main.c:4476
	src/bt_main.c:4544
	src/bt_main.c:4570
	src/bt_main.c:4818
	src/bt_main.c:4881
	src/bt_main.c:5541
	src/update.c:134
	src/update.c:192
	src/analyze.c:314
	src/lsm_shared.c:362
	src/lsm_shared.c:1284
	src/lsm_unix.c:87
	src/lsm_unix.c:163
	src/lsm_unix.c:217
	src/lsm_unix.c:295
	src/lsm_unix.c:321
	src/lsm_unix.c:351
	src/kvmem.c:343
	src/kvmem.c:671
	src/kvmem.c:704
	src/kvmem.c:926
	src/kvmem.c:983
	src/vdbe.c:218
	src/vdbe.c:4153
	src/vdbe.c:4617
	src/bt_pager.c:143
	src/bt_pager.c:198
	src/bt_pager.c:266
	src/bt_pager.c:378
	src/bt_pager.c:707
	src/bt_pager.c:913
	src/resolve.c:749
	src/resolve.c:1040
	src/lsm_ckpt.c:418
	src/lsm_ckpt.c:674
	src/rowset.c:154
	src/rowset.c:279
	src/build.c:191
	src/build.c:398
	src/build.c:892
	src/build.c:1513
	src/build.c:1514
	src/build.c:3103
	src/build.c:3222
	src/fts5func.c:397
	src/fts5func.c:612
	src/bt_lock.c:302
	src/bt_lock.c:661
	src/bt_lock.c:675
	src/bt_unix.c:87
	src/bt_unix.c:174
	src/bt_unix.c:277
	src/bt_unix.c:307
	src/attach.c:124
	src/attach.c:275
	src/lsm_str.c:21
	src/tclsqlite.c:788
	src/tclsqlite.c:962
	src/tclsqlite.c:2222
	src/tclsqlite.c:2568
	src/tclsqlite.c:2573
	src/tclsqlite.c:2576
	src/tclsqlite.c:2587
	src/lsm_tree.c:562
	src/lsm_tree.c:715
	src/lsm_tree.c:1119
	src/lsm_tree.c:1513
	src/os.c:84
	src/delete.c:239
	src/delete.c:240
	src/lsm_sorted.c:397
	src/lsm_sorted.c:770
	src/lsm_sorted.c:1606
	src/lsm_sorted.c:3633
	src/lsm_sorted.c:4296
	src/lsm_sorted.c:4341
	src/lsm_sorted.c:4342
	src/lsm_sorted.c:4511
	src/lsm_sorted.c:6017
	src/lsm_sorted.c:6018
	src/bt_log.c:513
	src/bt_log.c:549
	src/bt_log.c:731
	src/bt_log.c:899
	src/bt_log.c:1089
	src/bt_log.c:1100
	src/bt_log.c:1287
	src/bt_log.c:1339
	src/bt_log.c:1432
	src/bt_log.c:1637
	src/bt_log.c:1691
	src/bt_log.c:1957
	src/fkey.c:502
	src/fts5.c:369
	src/fts5.c:389
	src/fts5.c:528
	src/fts5.c:895
	src/fts5.c:1519
	src/fts5.c:2001
	src/fts5.c:2036
	src/fts5.c:2150
	src/fts5.c:2316
	src/fts5.c:3138
	src/mem.c:476
	src/mem.c:628
	src/mem.c:739
	src/utf.c:424
	src/utf.c:452
	ext/fts2/fts2_icu.c:69
	ext/fts2/fts2_icu.c:127
	ext/fts2/fts2_hash.c:41
	ext/fts2/fts2.c:2868
	ext/fts2/fts2.c:3009
	ext/fts2/fts2.c:4084
	ext/fts2/fts2.c:5293
	ext/fts2/fts2_porter.c:70
	ext/fts2/fts2_porter.c:362
	ext/fts2/fts2_tokenizer1.c:69
	ext/fts3/fts3.c:911
	ext/fts3/fts3.c:1067
	ext/fts3/fts3.c:1231
	ext/fts3/fts3.c:1435
	ext/fts3/fts3.c:2640
	ext/fts3/fts3.c:2751
	ext/fts3/fts3.c:2879
	ext/fts3/fts3.c:4343
	ext/fts3/fts3.c:4881
	ext/fts3/fts3.c:5058
	ext/fts3/fts3_term.c:100
	ext/fts3/fts3_term.c:173
	ext/fts3/fts3_term.c:269
	ext/fts3/fts3_porter.c:70
	ext/fts3/fts3_porter.c:364
	ext/fts3/fts3_test.c:203
	ext/fts3/fts3_tokenizer1.c:69
	ext/fts3/fts3_write.c:1032
	ext/fts3/fts3_write.c:1068
	ext/fts3/fts3_write.c:1401
	ext/fts3/fts3_write.c:1412
	ext/fts3/fts3_write.c:1528
	ext/fts3/fts3_write.c:1830
	ext/fts3/fts3_write.c:1975
	ext/fts3/fts3_write.c:2748
	ext/fts3/fts3_write.c:2907
	ext/fts3/fts3_write.c:2990
	ext/fts3/fts3_write.c:3195
	ext/fts3/fts3_write.c:3285
	ext/fts3/fts3_hash.c:41
	ext/fts3/fts3_expr.c:126
	ext/fts3/fts3_expr.c:290
	ext/fts3/fts3_expr.c:312
	ext/fts3/fts3_aux.c:92
	ext/fts3/fts3_aux.c:197
	ext/fts3/fts3_aux.c:226
	ext/fts3/fts3_aux.c:269
	ext/fts3/fts3_aux.c:359
	ext/fts3/fts3_icu.c:67
	ext/fts3/fts3_icu.c:125
	ext/fts3/fts3_snippet.c:414
	ext/fts3/fts3_snippet.c:432
	ext/fts3/fts3_snippet.c:933
	ext/fts3/fts3_snippet.c:1116
	ext/fts3/fts3_snippet.c:1157
	ext/fts3/fts3_snippet.c:1223
	ext/fts3/fts3_snippet.c:1341
	ext/rtree/rtree.c:391
	ext/rtree/rtree.c:450
	ext/rtree/rtree.c:808
	ext/rtree/rtree.c:1210
	ext/rtree/rtree.c:1270
	ext/rtree/rtree.c:1361
	ext/rtree/rtree.c:2019
	ext/rtree/rtree.c:2114
	ext/rtree/rtree.c:2196
	ext/rtree/rtree.c:2221
	ext/rtree/rtree.c:2222
	ext/rtree/rtree.c:2468
	ext/rtree/rtree.c:3065
	ext/rtree/rtree.c:3141
	ext/rtree/rtree.c:3142
	ext/fts1/ft_hash.c:25
	ext/fts1/fts1_porter.c:363
	ext/fts1/fts1_hash.c:37
	ext/fts1/fulltext.c:162
	ext/fts1/fulltext.c:895
	ext/fts1/fts1.c:274
	ext/fts1/fts1.c:1834
	ext/fts1/fts1.c:1950
	ext/fts1/fts1.c:1992
	ext/fts1/fts1.c:2162
	ext/fts1/fts1.c:2172
	ext/fts1/fts1.c:2630
autoscan: warning: missing AC_CHECK_FUNCS([munmap]) wanted by: 
	src/lsm_unix.c:211
	src/lsm_unix.c:429
	src/lsm_unix.c:448
	src/bt_unix.c:394
autoscan: warning: missing AC_CHECK_FUNCS([select]) wanted by: 
	src/parse.y:174
	src/parse.y:397
	src/parse.y:407
	src/parse.y:421
	src/parse.y:423
	src/parse.y:423
	src/parse.y:514
	src/parse.y:536
	src/parse.y:697
	src/parse.y:1034
	src/parse.y:1046
	src/parse.y:1073
	src/parse.y:1385
	src/parse.y:1393
autoscan: warning: missing AC_CHECK_FUNCS([strchr]) wanted by: 
	test/test_num.c:116
	test/test_num.c:117
	test/test_num.c:118
	test/test_num.c:119
	tool/lemon.c:1739
	tool/lemon.c:1828
	tool/lemon.c:2995
autoscan: warning: missing AC_CHECK_FUNCS([strcspn]) wanted by: 
	ext/fts1/simple_tokenizer.c:131
autoscan: warning: missing AC_CHECK_FUNCS([strdup]) wanted by: 
	test/test_thread0.c:68
autoscan: warning: missing AC_CHECK_FUNCS([strerror]) wanted by: 
	lsm-test/lsmtest_main.c:1012
	lsm-test/lsmtest_main.c:1225
autoscan: warning: missing AC_CHECK_FUNCS([strrchr]) wanted by: 
	tool/lemon.c:2720
	tool/lemon.c:2976
	tool/lemon.c:2978
	tool/lemon.c:3088
autoscan: warning: missing AC_CHECK_FUNCS([strtol]) wanted by: 
	tool/lemon.c:1776
	src/shell.c:2159
autoscan: warning: missing AC_CHECK_HEADERS([fcntl.h]) wanted by: 
	lsm-test/lsmtest_io.c:60
	lsm-test/lsmtest6.c:246
	lsm-test/lsmtest_main.c:14
	tool/diffdb.c:8
	src/lsm_file.c:154
	src/lsm_unix.c:26
	src/bt_unix.c:26
autoscan: warning: missing AC_CHECK_HEADERS([malloc.h]) wanted by: 
	src/mem1.c:96
	src/mem.c:89
	ext/fts1/fulltext.c:8
	ext/fts1/simple_tokenizer.c:10
autoscan: warning: missing AC_CHECK_HEADERS([stddef.h]) wanted by: 
	src/bt_main.c:18
	src/sqliteInt.h:302
	src/lsm.h:17
	src/bt_log.c:19
	ext/fts3/fts3.c:304
autoscan: warning: missing AC_CHECK_HEADERS([sys/time.h]) wanted by: 
	lsm-test/lsmtest_util.c:5
	lsm-test/lsmtest_main.c:1454
	lsm-test/lsmtest_tdb3.c:12
	src/shell.c:94
	src/os.c:21
autoscan: warning: missing AC_CHECK_HEADER_STDBOOL wanted by: 
	src/mem1.c:238
autoscan: warning: missing AC_FUNC_FORK wanted by: 
	test/crashtest1.c:84
autoscan: warning: missing AC_FUNC_MALLOC wanted by: 
	test/test_mutex.c:87
	test/test_wsd.c:43
	lsm-test/lsmtest_tdb.c:206
	lsm-test/lsmtest_tdb.c:498
	lsm-test/lsmtest_tdb.c:661
	lsm-test/lsmtest3.c:47
	lsm-test/lsmtest3.c:56
	lsm-test/lsmtest_io.c:225
	lsm-test/lsmtest_mem.c:325
	lsm-test/lsmtest_tdb2.cc:27
	lsm-test/lsmtest_tdb2.cc:234
	lsm-test/lsmtest_tdb4.c:462
	lsm-test/lsmtest_main.c:351
	lsm-test/lsmtest_main.c:400
	lsm-test/lsmtest_main.c:871
	lsm-test/lsmtest_main.c:872
	lsm-test/lsmtest_main.c:873
	lsm-test/lsmtest_main.c:1196
	lsm-test/lsmtest_main.c:1197
	tool/lemon.c:1365
	tool/lemon.c:1377
	tool/lemon.c:2518
	tool/lemon.c:2714
	tool/lemon.c:2983
	tool/lemon.c:2989
	tool/lemon.c:2990
	tool/lemon.c:3416
	tool/lemon.c:3465
	tool/lemon.c:4253
	tool/lemon.c:4289
	tool/lemon.c:4293
	tool/lemon.c:4331
	tool/lemon.c:4455
	tool/lemon.c:4459
	tool/lemon.c:4497
	tool/lemon.c:4654
	tool/lemon.c:4658
	tool/lemon.c:4696
	tool/lemon.c:4754
	tool/lemon.c:4796
	tool/lemon.c:4800
	tool/lemon.c:4838
	tool/extract.c:31
	tool/speedtest8inst1.c:89
	tool/speedtest8inst1.c:100
	tool/speedtest16.c:48
	tool/speedtest16.c:120
	tool/speedtest8.c:189
	src/mem2.c:251
	src/shell.c:320
	src/shell.c:910
	src/shell.c:1254
	src/shell.c:1663
	src/shell.c:1689
	src/shell.c:2370
	src/shell.c:2463
	src/shell.c:2476
	src/shell.c:2510
	src/shell.c:2668
	src/shell.c:2803
	src/lsm_unix.c:472
	src/tclsqlite.c:617
	src/tclsqlite.c:1581
	src/tclsqlite.c:1607
	src/tclsqlite.c:1632
	ext/fts1/ft_hash.c:23
	ext/fts1/fts1_porter.c:97
	ext/fts1/fts1_hash.c:35
	ext/fts1/fulltext.c:142
	ext/fts1/fulltext.c:154
	ext/fts1/fulltext.c:461
	ext/fts1/fulltext.c:491
	ext/fts1/fulltext.c:862
	ext/fts1/simple_tokenizer.c:26
	ext/fts1/simple_tokenizer.c:55
	ext/fts1/simple_tokenizer.c:97
	ext/fts1/fts1.c:74
	ext/fts1/fts1.c:254
	ext/fts1/fts1.c:266
	ext/fts1/fts1.c:644
	ext/fts1/fts1.c:873
	ext/fts1/fts1.c:906
	ext/fts1/fts1.c:1316
	ext/fts1/fts1.c:1636
	ext/fts1/fts1.c:1652
	ext/fts1/fts1.c:1838
	ext/fts1/fts1.c:1883
	ext/fts1/fts1.c:1948
	ext/fts1/fts1.c:2631
	ext/fts1/fts1_tokenizer1.c:112
autoscan: warning: missing AC_FUNC_MMAP wanted by: 
	src/lsm_unix.c:227
	src/lsm_unix.c:410
	src/bt_unix.c:374
autoscan: warning: missing AC_FUNC_REALLOC wanted by: 
	lsm-test/lsmtest_io.c:187
	lsm-test/lsmtest_mem.c:327
	lsm-test/lsmtest_main.c:416
	tool/lemon.c:499
	tool/lemon.c:541
	tool/lemon.c:1359
	tool/lemon.c:2153
	tool/lemon.c:2354
	tool/lemon.c:3237
	tool/lempar.c:242
	src/shell.c:326
	src/shell.c:348
	src/shell.c:947
	src/shell.c:2380
	src/lsm_unix.c:499
	src/tclsqlite.c:623
	src/tclsqlite.c:641
	src/lempar.c:249
	ext/fts1/fts1_porter.c:607
	ext/fts1/fulltext.c:179
	ext/fts1/fulltext.c:321
	ext/fts1/fulltext.c:347
	ext/fts1/fulltext.c:1123
	ext/fts1/simple_tokenizer.c:134
	ext/fts1/fts1.c:81
	ext/fts1/fts1.c:291
	ext/fts1/fts1.c:610
	ext/fts1/fts1.c:2186
	ext/fts1/fts1.c:2624
	ext/fts1/fts1_tokenizer1.c:177
autoscan: warning: missing AC_FUNC_STRTOD wanted by: 
	tool/lemon.c:1765
autoscan: warning: missing AC_PREREQ wanted by: 
	autoscan
autoscan: warning: missing AC_PROG_MAKE_SET wanted by: 
	tool/symbols.sh:6
	tool/build-shell.sh:11
	tool/warnings.sh:7
	tool/warnings-clang.sh:7
	tool/symbols-mingw.sh:6
autoscan: warning: missing AC_TYPE_INT32_T wanted by: 
	ext/fts2/fts2_icu.c:105
	ext/fts3/fts3_icu.c:103
autoscan: warning: missing AC_TYPE_OFF_T wanted by: 
	lsm-test/lsmtest6.c:265
	lsm-test/lsmtest6.c:266
	src/lsm_unix.c:56
	src/lsm_unix.c:114
	src/lsm_unix.c:116
	src/lsm_unix.c:138
	src/lsm_unix.c:153
	src/lsm_unix.c:155
	src/lsm_unix.c:200
	src/lsm_unix.c:375
	src/bt_unix.c:125
	src/bt_unix.c:127
	src/bt_unix.c:149
	src/bt_unix.c:164
	src/bt_unix.c:166
	src/bt_unix.c:350
autoscan: warning: missing AC_TYPE_SIZE_T wanted by: 
	lsm-test/lsmtest_tdb.c:90
	lsm-test/lsmtest_tdb.c:131
	lsm-test/lsmtest_tdb.c:148
	lsm-test/lsmtest_tdb.c:149
	lsm-test/lsmtest_tdb2.cc:92
	lsm-test/lsmtest_tdb2.cc:93
	lsm-test/lsmtest_tdb2.cc:100
	lsm-test/lsmtest_tdb2.cc:106
	lsm-test/lsmtest_tdb2.cc:107
	lsm-test/lsmtest_tdb2.cc:128
	lsm-test/lsmtest_tdb2.cc:174
	lsm-test/lsmtest_tdb2.cc:175
	lsm-test/lsmtest_tdb2.cc:179
	lsm-test/lsmtest_tdb2.cc:180
	lsm-test/lsmtest_tdb2.cc:185
	lsm-test/lsmtest_tdb2.cc:186
	tool/extract.c:18
	tool/lempar.c:268
	tool/lempar.c:270
	src/lsm_mem.c:21
	src/lsm_mem.c:29
	src/lsm_mem.c:37
	src/lsm_mem.c:43
	src/lsm_mem.c:47
	src/lsm_mem.c:55
	src/lsm_mem.c:66
	src/lsm_mem.c:77
	src/lsm_mem.c:84
	src/mem1.c:225
	src/lsmInt.h:651
	src/lsmInt.h:653
	src/lsmInt.h:654
	src/lsmInt.h:655
	src/lsmInt.h:657
	src/lsmInt.h:658
	src/lsmInt.h:660
	src/malloc.c:314
	src/date.c:945
	src/lsm_unix.c:120
	src/lsm_unix.c:159
	src/tokenize.c:405
	src/sqliteInt.h:3036
	src/bt_unix.c:131
	src/bt_unix.c:170
	src/lsm_str.c:98
	src/lsm.h:333
	src/lsm.h:334
	src/lempar.c:275
	src/lempar.c:277
	src/mem.c:204
	ext/fts2/fts2.c:1635
	ext/fts2/fts2.c:1636
	ext/fts2/fts2.c:1637
	ext/fts2/fts2.c:1638
	ext/fts1/fulltext.c:480
	ext/fts1/fulltext.c:481
	ext/fts1/fts1.c:893
	ext/fts1/fts1.c:894
	ext/fts1/fts1.c:895
	ext/fts1/fts1.c:896
autoscan: warning: missing AC_TYPE_SSIZE_T wanted by: 
	src/lsm_unix.c:120
	src/lsm_unix.c:159
	src/bt_unix.c:131
	src/bt_unix.c:170
autoscan: warning: missing AC_TYPE_UID_T wanted by: 
	src/shell.c:2432
autoscan: warning: missing AC_TYPE_UINT8_T wanted by: 
	ext/icu/icu.c:69
	ext/icu/icu.c:70
	ext/icu/icu.c:97
